   0  $accept : program $end

   1  program : program_blocks

   2  program_blocks : program_blocks program_block
   3                 | program_block

   4  program_block : scalar_decl
   5                | array_decl
   6                | func_decl
   7                | func_def

   8  scalar_decl : TYPE idents SEMICOLON

   9  idents : ident
  10         | idents COMMA ident

  11  ident : ident_front ASSIGN assign_expr
  12        | ident_front

  13  ident_front : ID
  14              | MUL ID

  15  array_decl : TYPE arrs SEMICOLON

  16  arrs : arr
  17       | arrs COMMA arr

  18  arr : arr_def ASSIGN L_BRACE arr_content R_BRACE
  19      | arr_def

  20  arr_def : ID arr_dim

  21  arr_dim : L_BRACKET assign_expr R_BRACKET

  22  arr_content : L_BRACE arr_content R_BRACE
  23              | arr_content COMMA L_BRACE arr_content R_BRACE
  24              | arr_content COMMA assign_expr
  25              | assign_expr

  26  func_decl : TYPE ID L_PARENTHESE parameter COMMA parameter R_PARENTHESE SEMICOLON
  27            | TYPE ID L_PARENTHESE R_PARENTHESE SEMICOLON

  28  parameter : TYPE ID
  29            | TYPE MUL ID

  30  $$1 :

  31  func_def : TYPE ID L_PARENTHESE parameter COMMA parameter R_PARENTHESE $$1 compound_stmt

  32  $$2 :

  33  func_def : TYPE ID L_PARENTHESE R_PARENTHESE $$2 compound_stmt

  34  compound_stmt : L_BRACE stmts R_BRACE
  35                | L_BRACE R_BRACE

  36  stmts : stmts stmt
  37        | stmt

  38  stmt : if_else_stmt
  39       | while_stmt
  40       | for_stmt
  41       | return_stmt
  42       | break_stmt
  43       | compound_stmt
  44       | scalar_decl
  45       | array_decl
  46       | assign_expr SEMICOLON
  47       | digitalwrite_stmt
  48       | delay_stmt

  49  digitalwrite_stmt : DIGITALWRITE L_PARENTHESE assign_expr COMMA assign_expr R_PARENTHESE SEMICOLON

  50  delay_stmt : DELAY L_PARENTHESE assign_expr R_PARENTHESE SEMICOLON

  51  if_else_stmt : if_stmt else_stmt

  52  $$3 :

  53  $$4 :

  54  if_stmt : IF L_PARENTHESE $$3 assign_expr R_PARENTHESE $$4 compound_stmt

  55  $$5 :

  56  else_stmt : ELSE $$5 compound_stmt
  57            |

  58  $$6 :

  59  $$7 :

  60  while_stmt : WHILE L_PARENTHESE $$6 assign_expr $$7 R_PARENTHESE compound_stmt

  61  $$8 :

  62  $$9 :

  63  while_stmt : DO $$8 compound_stmt WHILE L_PARENTHESE $$9 assign_expr R_PARENTHESE SEMICOLON

  64  $$10 :

  65  $$11 :

  66  $$12 :

  67  $$13 :

  68  for_stmt : FOR L_PARENTHESE $$10 for_cond $$11 for_cond $$12 for_last_cond $$13 compound_stmt

  69  for_cond : assign_expr SEMICOLON
  70           | SEMICOLON

  71  for_last_cond : assign_expr R_PARENTHESE
  72                | R_PARENTHESE

  73  return_stmt : RETURN assign_expr SEMICOLON

  74  break_stmt : BREAK SEMICOLON

  75  assign_expr : equal_expr ASSIGN assign_expr
  76              | equal_expr

  77  equal_expr : equal_expr EQUAL comp_expr
  78             | equal_expr NOT_EQUAL comp_expr
  79             | comp_expr

  80  comp_expr : comp_expr LESS add_sub_expr
  81            | comp_expr GREATER add_sub_expr
  82            | comp_expr LESS_EQUAL add_sub_expr
  83            | comp_expr GREATER_EQUAL add_sub_expr
  84            | add_sub_expr

  85  add_sub_expr : add_sub_expr PLUS mul_div_rem_expr
  86               | add_sub_expr MINUS mul_div_rem_expr
  87               | mul_div_rem_expr

  88  mul_div_rem_expr : mul_div_rem_expr MUL pre_expr
  89                   | mul_div_rem_expr DIV pre_expr
  90                   | pre_expr

  91  pre_expr : INCREMENT pre_expr
  92           | DECREMENT pre_expr
  93           | PLUS pre_expr
  94           | MINUS pre_expr
  95           | NOT pre_expr
  96           | NOT_OP pre_expr
  97           | L_PARENTHESE TYPE R_PARENTHESE pre_expr
  98           | L_PARENTHESE TYPE MUL R_PARENTHESE pre_expr
  99           | MUL pre_expr
 100           | AND_OP pre_expr
 101           | post_expr

 102  post_expr : post_expr INCREMENT
 103            | post_expr DECREMENT
 104            | post_expr L_PARENTHESE assign_expr COMMA assign_expr R_PARENTHESE
 105            | UKADD L_PARENTHESE assign_expr COMMA assign_expr R_PARENTHESE
 106            | CMPEQ L_PARENTHESE assign_expr COMMA assign_expr R_PARENTHESE
 107            | UCMPLT L_PARENTHESE assign_expr COMMA assign_expr R_PARENTHESE
 108            | UKSUB L_PARENTHESE assign_expr COMMA assign_expr R_PARENTHESE
 109            | end_expr

 110  end_expr : ID arr_expr
 111           | ID
 112           | NUM
 113           | CHAR
 114           | STRING
 115           | FLOAT
 116           | L_PARENTHESE assign_expr R_PARENTHESE

 117  arr_expr : L_BRACKET assign_expr R_BRACKET

state 0
	$accept : . program $end  (0)

	TYPE  shift 1
	.  error

	program  goto 2
	program_blocks  goto 3
	program_block  goto 4
	scalar_decl  goto 5
	array_decl  goto 6
	func_decl  goto 7
	func_def  goto 8


state 1
	scalar_decl : TYPE . idents SEMICOLON  (8)
	array_decl : TYPE . arrs SEMICOLON  (15)
	func_decl : TYPE . ID L_PARENTHESE parameter COMMA parameter R_PARENTHESE SEMICOLON  (26)
	func_decl : TYPE . ID L_PARENTHESE R_PARENTHESE SEMICOLON  (27)
	func_def : TYPE . ID L_PARENTHESE parameter COMMA parameter R_PARENTHESE $$1 compound_stmt  (31)
	func_def : TYPE . ID L_PARENTHESE R_PARENTHESE $$2 compound_stmt  (33)

	ID  shift 9
	MUL  shift 10
	.  error

	ident  goto 11
	ident_front  goto 12
	idents  goto 13
	arrs  goto 14
	arr  goto 15
	arr_def  goto 16


state 2
	$accept : program . $end  (0)

	$end  accept


state 3
	program : program_blocks .  (1)
	program_blocks : program_blocks . program_block  (2)

	TYPE  shift 1
	$end  reduce 1

	program_block  goto 17
	scalar_decl  goto 5
	array_decl  goto 6
	func_decl  goto 7
	func_def  goto 8


state 4
	program_blocks : program_block .  (3)

	.  reduce 3


state 5
	program_block : scalar_decl .  (4)

	.  reduce 4


state 6
	program_block : array_decl .  (5)

	.  reduce 5


state 7
	program_block : func_decl .  (6)

	.  reduce 6


state 8
	program_block : func_def .  (7)

	.  reduce 7


state 9
	ident_front : ID .  (13)
	arr_def : ID . arr_dim  (20)
	func_decl : TYPE ID . L_PARENTHESE parameter COMMA parameter R_PARENTHESE SEMICOLON  (26)
	func_decl : TYPE ID . L_PARENTHESE R_PARENTHESE SEMICOLON  (27)
	func_def : TYPE ID . L_PARENTHESE parameter COMMA parameter R_PARENTHESE $$1 compound_stmt  (31)
	func_def : TYPE ID . L_PARENTHESE R_PARENTHESE $$2 compound_stmt  (33)

	L_BRACKET  shift 18
	L_PARENTHESE  shift 19
	COMMA  reduce 13
	SEMICOLON  reduce 13
	ASSIGN  reduce 13

	arr_dim  goto 20


state 10
	ident_front : MUL . ID  (14)

	ID  shift 21
	.  error


state 11
	idents : ident .  (9)

	.  reduce 9


state 12
	ident : ident_front . ASSIGN assign_expr  (11)
	ident : ident_front .  (12)

	ASSIGN  shift 22
	COMMA  reduce 12
	SEMICOLON  reduce 12


state 13
	scalar_decl : TYPE idents . SEMICOLON  (8)
	idents : idents . COMMA ident  (10)

	COMMA  shift 23
	SEMICOLON  shift 24
	.  error


state 14
	array_decl : TYPE arrs . SEMICOLON  (15)
	arrs : arrs . COMMA arr  (17)

	COMMA  shift 25
	SEMICOLON  shift 26
	.  error


state 15
	arrs : arr .  (16)

	.  reduce 16


state 16
	arr : arr_def . ASSIGN L_BRACE arr_content R_BRACE  (18)
	arr : arr_def .  (19)

	ASSIGN  shift 27
	COMMA  reduce 19
	SEMICOLON  reduce 19


state 17
	program_blocks : program_blocks program_block .  (2)

	.  reduce 2


state 18
	arr_dim : L_BRACKET . assign_expr R_BRACKET  (21)

	NUM  shift 28
	FLOAT  shift 29
	CHAR  shift 30
	STRING  shift 31
	ID  shift 32
	UKADD  shift 33
	CMPEQ  shift 34
	UCMPLT  shift 35
	UKSUB  shift 36
	L_PARENTHESE  shift 37
	AND_OP  shift 38
	PLUS  shift 39
	MINUS  shift 40
	MUL  shift 41
	INCREMENT  shift 42
	DECREMENT  shift 43
	NOT  shift 44
	NOT_OP  shift 45
	.  error

	assign_expr  goto 46
	equal_expr  goto 47
	comp_expr  goto 48
	add_sub_expr  goto 49
	mul_div_rem_expr  goto 50
	pre_expr  goto 51
	post_expr  goto 52
	end_expr  goto 53


state 19
	func_decl : TYPE ID L_PARENTHESE . parameter COMMA parameter R_PARENTHESE SEMICOLON  (26)
	func_decl : TYPE ID L_PARENTHESE . R_PARENTHESE SEMICOLON  (27)
	func_def : TYPE ID L_PARENTHESE . parameter COMMA parameter R_PARENTHESE $$1 compound_stmt  (31)
	func_def : TYPE ID L_PARENTHESE . R_PARENTHESE $$2 compound_stmt  (33)

	TYPE  shift 54
	R_PARENTHESE  shift 55
	.  error

	parameter  goto 56


state 20
	arr_def : ID arr_dim .  (20)

	.  reduce 20


state 21
	ident_front : MUL ID .  (14)

	.  reduce 14


state 22
	ident : ident_front ASSIGN . assign_expr  (11)

	NUM  shift 28
	FLOAT  shift 29
	CHAR  shift 30
	STRING  shift 31
	ID  shift 32
	UKADD  shift 33
	CMPEQ  shift 34
	UCMPLT  shift 35
	UKSUB  shift 36
	L_PARENTHESE  shift 37
	AND_OP  shift 38
	PLUS  shift 39
	MINUS  shift 40
	MUL  shift 41
	INCREMENT  shift 42
	DECREMENT  shift 43
	NOT  shift 44
	NOT_OP  shift 45
	.  error

	assign_expr  goto 57
	equal_expr  goto 47
	comp_expr  goto 48
	add_sub_expr  goto 49
	mul_div_rem_expr  goto 50
	pre_expr  goto 51
	post_expr  goto 52
	end_expr  goto 53


state 23
	idents : idents COMMA . ident  (10)

	ID  shift 58
	MUL  shift 10
	.  error

	ident  goto 59
	ident_front  goto 12


state 24
	scalar_decl : TYPE idents SEMICOLON .  (8)

	.  reduce 8


state 25
	arrs : arrs COMMA . arr  (17)

	ID  shift 60
	.  error

	arr  goto 61
	arr_def  goto 16


state 26
	array_decl : TYPE arrs SEMICOLON .  (15)

	.  reduce 15


state 27
	arr : arr_def ASSIGN . L_BRACE arr_content R_BRACE  (18)

	L_BRACE  shift 62
	.  error


state 28
	end_expr : NUM .  (112)

	.  reduce 112


state 29
	end_expr : FLOAT .  (115)

	.  reduce 115


state 30
	end_expr : CHAR .  (113)

	.  reduce 113


state 31
	end_expr : STRING .  (114)

	.  reduce 114


state 32
	end_expr : ID . arr_expr  (110)
	end_expr : ID .  (111)

	L_BRACKET  shift 63
	COMMA  reduce 111
	SEMICOLON  reduce 111
	ASSIGN  reduce 111
	R_BRACKET  reduce 111
	R_BRACE  reduce 111
	R_PARENTHESE  reduce 111
	L_PARENTHESE  reduce 111
	EQUAL  reduce 111
	NOT_EQUAL  reduce 111
	LESS  reduce 111
	GREATER  reduce 111
	LESS_EQUAL  reduce 111
	GREATER_EQUAL  reduce 111
	PLUS  reduce 111
	MINUS  reduce 111
	MUL  reduce 111
	DIV  reduce 111
	INCREMENT  reduce 111
	DECREMENT  reduce 111

	arr_expr  goto 64


state 33
	post_expr : UKADD . L_PARENTHESE assign_expr COMMA assign_expr R_PARENTHESE  (105)

	L_PARENTHESE  shift 65
	.  error


state 34
	post_expr : CMPEQ . L_PARENTHESE assign_expr COMMA assign_expr R_PARENTHESE  (106)

	L_PARENTHESE  shift 66
	.  error


state 35
	post_expr : UCMPLT . L_PARENTHESE assign_expr COMMA assign_expr R_PARENTHESE  (107)

	L_PARENTHESE  shift 67
	.  error


state 36
	post_expr : UKSUB . L_PARENTHESE assign_expr COMMA assign_expr R_PARENTHESE  (108)

	L_PARENTHESE  shift 68
	.  error


state 37
	pre_expr : L_PARENTHESE . TYPE R_PARENTHESE pre_expr  (97)
	pre_expr : L_PARENTHESE . TYPE MUL R_PARENTHESE pre_expr  (98)
	end_expr : L_PARENTHESE . assign_expr R_PARENTHESE  (116)

	NUM  shift 28
	FLOAT  shift 29
	CHAR  shift 30
	STRING  shift 31
	TYPE  shift 69
	ID  shift 32
	UKADD  shift 33
	CMPEQ  shift 34
	UCMPLT  shift 35
	UKSUB  shift 36
	L_PARENTHESE  shift 37
	AND_OP  shift 38
	PLUS  shift 39
	MINUS  shift 40
	MUL  shift 41
	INCREMENT  shift 42
	DECREMENT  shift 43
	NOT  shift 44
	NOT_OP  shift 45
	.  error

	assign_expr  goto 70
	equal_expr  goto 47
	comp_expr  goto 48
	add_sub_expr  goto 49
	mul_div_rem_expr  goto 50
	pre_expr  goto 51
	post_expr  goto 52
	end_expr  goto 53


state 38
	pre_expr : AND_OP . pre_expr  (100)

	NUM  shift 28
	FLOAT  shift 29
	CHAR  shift 30
	STRING  shift 31
	ID  shift 32
	UKADD  shift 33
	CMPEQ  shift 34
	UCMPLT  shift 35
	UKSUB  shift 36
	L_PARENTHESE  shift 37
	AND_OP  shift 38
	PLUS  shift 39
	MINUS  shift 40
	MUL  shift 41
	INCREMENT  shift 42
	DECREMENT  shift 43
	NOT  shift 44
	NOT_OP  shift 45
	.  error

	pre_expr  goto 71
	post_expr  goto 52
	end_expr  goto 53


state 39
	pre_expr : PLUS . pre_expr  (93)

	NUM  shift 28
	FLOAT  shift 29
	CHAR  shift 30
	STRING  shift 31
	ID  shift 32
	UKADD  shift 33
	CMPEQ  shift 34
	UCMPLT  shift 35
	UKSUB  shift 36
	L_PARENTHESE  shift 37
	AND_OP  shift 38
	PLUS  shift 39
	MINUS  shift 40
	MUL  shift 41
	INCREMENT  shift 42
	DECREMENT  shift 43
	NOT  shift 44
	NOT_OP  shift 45
	.  error

	pre_expr  goto 72
	post_expr  goto 52
	end_expr  goto 53


state 40
	pre_expr : MINUS . pre_expr  (94)

	NUM  shift 28
	FLOAT  shift 29
	CHAR  shift 30
	STRING  shift 31
	ID  shift 32
	UKADD  shift 33
	CMPEQ  shift 34
	UCMPLT  shift 35
	UKSUB  shift 36
	L_PARENTHESE  shift 37
	AND_OP  shift 38
	PLUS  shift 39
	MINUS  shift 40
	MUL  shift 41
	INCREMENT  shift 42
	DECREMENT  shift 43
	NOT  shift 44
	NOT_OP  shift 45
	.  error

	pre_expr  goto 73
	post_expr  goto 52
	end_expr  goto 53


state 41
	pre_expr : MUL . pre_expr  (99)

	NUM  shift 28
	FLOAT  shift 29
	CHAR  shift 30
	STRING  shift 31
	ID  shift 32
	UKADD  shift 33
	CMPEQ  shift 34
	UCMPLT  shift 35
	UKSUB  shift 36
	L_PARENTHESE  shift 37
	AND_OP  shift 38
	PLUS  shift 39
	MINUS  shift 40
	MUL  shift 41
	INCREMENT  shift 42
	DECREMENT  shift 43
	NOT  shift 44
	NOT_OP  shift 45
	.  error

	pre_expr  goto 74
	post_expr  goto 52
	end_expr  goto 53


state 42
	pre_expr : INCREMENT . pre_expr  (91)

	NUM  shift 28
	FLOAT  shift 29
	CHAR  shift 30
	STRING  shift 31
	ID  shift 32
	UKADD  shift 33
	CMPEQ  shift 34
	UCMPLT  shift 35
	UKSUB  shift 36
	L_PARENTHESE  shift 37
	AND_OP  shift 38
	PLUS  shift 39
	MINUS  shift 40
	MUL  shift 41
	INCREMENT  shift 42
	DECREMENT  shift 43
	NOT  shift 44
	NOT_OP  shift 45
	.  error

	pre_expr  goto 75
	post_expr  goto 52
	end_expr  goto 53


state 43
	pre_expr : DECREMENT . pre_expr  (92)

	NUM  shift 28
	FLOAT  shift 29
	CHAR  shift 30
	STRING  shift 31
	ID  shift 32
	UKADD  shift 33
	CMPEQ  shift 34
	UCMPLT  shift 35
	UKSUB  shift 36
	L_PARENTHESE  shift 37
	AND_OP  shift 38
	PLUS  shift 39
	MINUS  shift 40
	MUL  shift 41
	INCREMENT  shift 42
	DECREMENT  shift 43
	NOT  shift 44
	NOT_OP  shift 45
	.  error

	pre_expr  goto 76
	post_expr  goto 52
	end_expr  goto 53


state 44
	pre_expr : NOT . pre_expr  (95)

	NUM  shift 28
	FLOAT  shift 29
	CHAR  shift 30
	STRING  shift 31
	ID  shift 32
	UKADD  shift 33
	CMPEQ  shift 34
	UCMPLT  shift 35
	UKSUB  shift 36
	L_PARENTHESE  shift 37
	AND_OP  shift 38
	PLUS  shift 39
	MINUS  shift 40
	MUL  shift 41
	INCREMENT  shift 42
	DECREMENT  shift 43
	NOT  shift 44
	NOT_OP  shift 45
	.  error

	pre_expr  goto 77
	post_expr  goto 52
	end_expr  goto 53


state 45
	pre_expr : NOT_OP . pre_expr  (96)

	NUM  shift 28
	FLOAT  shift 29
	CHAR  shift 30
	STRING  shift 31
	ID  shift 32
	UKADD  shift 33
	CMPEQ  shift 34
	UCMPLT  shift 35
	UKSUB  shift 36
	L_PARENTHESE  shift 37
	AND_OP  shift 38
	PLUS  shift 39
	MINUS  shift 40
	MUL  shift 41
	INCREMENT  shift 42
	DECREMENT  shift 43
	NOT  shift 44
	NOT_OP  shift 45
	.  error

	pre_expr  goto 78
	post_expr  goto 52
	end_expr  goto 53


state 46
	arr_dim : L_BRACKET assign_expr . R_BRACKET  (21)

	R_BRACKET  shift 79
	.  error


state 47
	assign_expr : equal_expr . ASSIGN assign_expr  (75)
	assign_expr : equal_expr .  (76)
	equal_expr : equal_expr . EQUAL comp_expr  (77)
	equal_expr : equal_expr . NOT_EQUAL comp_expr  (78)

	ASSIGN  shift 80
	EQUAL  shift 81
	NOT_EQUAL  shift 82
	COMMA  reduce 76
	SEMICOLON  reduce 76
	R_BRACKET  reduce 76
	R_BRACE  reduce 76
	R_PARENTHESE  reduce 76


state 48
	equal_expr : comp_expr .  (79)
	comp_expr : comp_expr . LESS add_sub_expr  (80)
	comp_expr : comp_expr . GREATER add_sub_expr  (81)
	comp_expr : comp_expr . LESS_EQUAL add_sub_expr  (82)
	comp_expr : comp_expr . GREATER_EQUAL add_sub_expr  (83)

	LESS  shift 83
	GREATER  shift 84
	LESS_EQUAL  shift 85
	GREATER_EQUAL  shift 86
	COMMA  reduce 79
	SEMICOLON  reduce 79
	ASSIGN  reduce 79
	R_BRACKET  reduce 79
	R_BRACE  reduce 79
	R_PARENTHESE  reduce 79
	EQUAL  reduce 79
	NOT_EQUAL  reduce 79


state 49
	comp_expr : add_sub_expr .  (84)
	add_sub_expr : add_sub_expr . PLUS mul_div_rem_expr  (85)
	add_sub_expr : add_sub_expr . MINUS mul_div_rem_expr  (86)

	PLUS  shift 87
	MINUS  shift 88
	COMMA  reduce 84
	SEMICOLON  reduce 84
	ASSIGN  reduce 84
	R_BRACKET  reduce 84
	R_BRACE  reduce 84
	R_PARENTHESE  reduce 84
	EQUAL  reduce 84
	NOT_EQUAL  reduce 84
	LESS  reduce 84
	GREATER  reduce 84
	LESS_EQUAL  reduce 84
	GREATER_EQUAL  reduce 84


state 50
	add_sub_expr : mul_div_rem_expr .  (87)
	mul_div_rem_expr : mul_div_rem_expr . MUL pre_expr  (88)
	mul_div_rem_expr : mul_div_rem_expr . DIV pre_expr  (89)

	MUL  shift 89
	DIV  shift 90
	COMMA  reduce 87
	SEMICOLON  reduce 87
	ASSIGN  reduce 87
	R_BRACKET  reduce 87
	R_BRACE  reduce 87
	R_PARENTHESE  reduce 87
	EQUAL  reduce 87
	NOT_EQUAL  reduce 87
	LESS  reduce 87
	GREATER  reduce 87
	LESS_EQUAL  reduce 87
	GREATER_EQUAL  reduce 87
	PLUS  reduce 87
	MINUS  reduce 87


state 51
	mul_div_rem_expr : pre_expr .  (90)

	.  reduce 90


state 52
	pre_expr : post_expr .  (101)
	post_expr : post_expr . INCREMENT  (102)
	post_expr : post_expr . DECREMENT  (103)
	post_expr : post_expr . L_PARENTHESE assign_expr COMMA assign_expr R_PARENTHESE  (104)

	L_PARENTHESE  shift 91
	INCREMENT  shift 92
	DECREMENT  shift 93
	COMMA  reduce 101
	SEMICOLON  reduce 101
	ASSIGN  reduce 101
	R_BRACKET  reduce 101
	R_BRACE  reduce 101
	R_PARENTHESE  reduce 101
	EQUAL  reduce 101
	NOT_EQUAL  reduce 101
	LESS  reduce 101
	GREATER  reduce 101
	LESS_EQUAL  reduce 101
	GREATER_EQUAL  reduce 101
	PLUS  reduce 101
	MINUS  reduce 101
	MUL  reduce 101
	DIV  reduce 101


state 53
	post_expr : end_expr .  (109)

	.  reduce 109


state 54
	parameter : TYPE . ID  (28)
	parameter : TYPE . MUL ID  (29)

	ID  shift 94
	MUL  shift 95
	.  error


state 55
	func_decl : TYPE ID L_PARENTHESE R_PARENTHESE . SEMICOLON  (27)
	func_def : TYPE ID L_PARENTHESE R_PARENTHESE . $$2 compound_stmt  (33)
	$$2 : .  (32)

	SEMICOLON  shift 96
	L_BRACE  reduce 32

	$$2  goto 97


state 56
	func_decl : TYPE ID L_PARENTHESE parameter . COMMA parameter R_PARENTHESE SEMICOLON  (26)
	func_def : TYPE ID L_PARENTHESE parameter . COMMA parameter R_PARENTHESE $$1 compound_stmt  (31)

	COMMA  shift 98
	.  error


state 57
	ident : ident_front ASSIGN assign_expr .  (11)

	.  reduce 11


state 58
	ident_front : ID .  (13)

	.  reduce 13


state 59
	idents : idents COMMA ident .  (10)

	.  reduce 10


state 60
	arr_def : ID . arr_dim  (20)

	L_BRACKET  shift 18
	.  error

	arr_dim  goto 20


state 61
	arrs : arrs COMMA arr .  (17)

	.  reduce 17


state 62
	arr : arr_def ASSIGN L_BRACE . arr_content R_BRACE  (18)

	NUM  shift 28
	FLOAT  shift 29
	CHAR  shift 30
	STRING  shift 31
	ID  shift 32
	UKADD  shift 33
	CMPEQ  shift 34
	UCMPLT  shift 35
	UKSUB  shift 36
	L_BRACE  shift 99
	L_PARENTHESE  shift 37
	AND_OP  shift 38
	PLUS  shift 39
	MINUS  shift 40
	MUL  shift 41
	INCREMENT  shift 42
	DECREMENT  shift 43
	NOT  shift 44
	NOT_OP  shift 45
	.  error

	assign_expr  goto 100
	arr_content  goto 101
	equal_expr  goto 47
	comp_expr  goto 48
	add_sub_expr  goto 49
	mul_div_rem_expr  goto 50
	pre_expr  goto 51
	post_expr  goto 52
	end_expr  goto 53


state 63
	arr_expr : L_BRACKET . assign_expr R_BRACKET  (117)

	NUM  shift 28
	FLOAT  shift 29
	CHAR  shift 30
	STRING  shift 31
	ID  shift 32
	UKADD  shift 33
	CMPEQ  shift 34
	UCMPLT  shift 35
	UKSUB  shift 36
	L_PARENTHESE  shift 37
	AND_OP  shift 38
	PLUS  shift 39
	MINUS  shift 40
	MUL  shift 41
	INCREMENT  shift 42
	DECREMENT  shift 43
	NOT  shift 44
	NOT_OP  shift 45
	.  error

	assign_expr  goto 102
	equal_expr  goto 47
	comp_expr  goto 48
	add_sub_expr  goto 49
	mul_div_rem_expr  goto 50
	pre_expr  goto 51
	post_expr  goto 52
	end_expr  goto 53


state 64
	end_expr : ID arr_expr .  (110)

	.  reduce 110


state 65
	post_expr : UKADD L_PARENTHESE . assign_expr COMMA assign_expr R_PARENTHESE  (105)

	NUM  shift 28
	FLOAT  shift 29
	CHAR  shift 30
	STRING  shift 31
	ID  shift 32
	UKADD  shift 33
	CMPEQ  shift 34
	UCMPLT  shift 35
	UKSUB  shift 36
	L_PARENTHESE  shift 37
	AND_OP  shift 38
	PLUS  shift 39
	MINUS  shift 40
	MUL  shift 41
	INCREMENT  shift 42
	DECREMENT  shift 43
	NOT  shift 44
	NOT_OP  shift 45
	.  error

	assign_expr  goto 103
	equal_expr  goto 47
	comp_expr  goto 48
	add_sub_expr  goto 49
	mul_div_rem_expr  goto 50
	pre_expr  goto 51
	post_expr  goto 52
	end_expr  goto 53


state 66
	post_expr : CMPEQ L_PARENTHESE . assign_expr COMMA assign_expr R_PARENTHESE  (106)

	NUM  shift 28
	FLOAT  shift 29
	CHAR  shift 30
	STRING  shift 31
	ID  shift 32
	UKADD  shift 33
	CMPEQ  shift 34
	UCMPLT  shift 35
	UKSUB  shift 36
	L_PARENTHESE  shift 37
	AND_OP  shift 38
	PLUS  shift 39
	MINUS  shift 40
	MUL  shift 41
	INCREMENT  shift 42
	DECREMENT  shift 43
	NOT  shift 44
	NOT_OP  shift 45
	.  error

	assign_expr  goto 104
	equal_expr  goto 47
	comp_expr  goto 48
	add_sub_expr  goto 49
	mul_div_rem_expr  goto 50
	pre_expr  goto 51
	post_expr  goto 52
	end_expr  goto 53


state 67
	post_expr : UCMPLT L_PARENTHESE . assign_expr COMMA assign_expr R_PARENTHESE  (107)

	NUM  shift 28
	FLOAT  shift 29
	CHAR  shift 30
	STRING  shift 31
	ID  shift 32
	UKADD  shift 33
	CMPEQ  shift 34
	UCMPLT  shift 35
	UKSUB  shift 36
	L_PARENTHESE  shift 37
	AND_OP  shift 38
	PLUS  shift 39
	MINUS  shift 40
	MUL  shift 41
	INCREMENT  shift 42
	DECREMENT  shift 43
	NOT  shift 44
	NOT_OP  shift 45
	.  error

	assign_expr  goto 105
	equal_expr  goto 47
	comp_expr  goto 48
	add_sub_expr  goto 49
	mul_div_rem_expr  goto 50
	pre_expr  goto 51
	post_expr  goto 52
	end_expr  goto 53


state 68
	post_expr : UKSUB L_PARENTHESE . assign_expr COMMA assign_expr R_PARENTHESE  (108)

	NUM  shift 28
	FLOAT  shift 29
	CHAR  shift 30
	STRING  shift 31
	ID  shift 32
	UKADD  shift 33
	CMPEQ  shift 34
	UCMPLT  shift 35
	UKSUB  shift 36
	L_PARENTHESE  shift 37
	AND_OP  shift 38
	PLUS  shift 39
	MINUS  shift 40
	MUL  shift 41
	INCREMENT  shift 42
	DECREMENT  shift 43
	NOT  shift 44
	NOT_OP  shift 45
	.  error

	assign_expr  goto 106
	equal_expr  goto 47
	comp_expr  goto 48
	add_sub_expr  goto 49
	mul_div_rem_expr  goto 50
	pre_expr  goto 51
	post_expr  goto 52
	end_expr  goto 53


state 69
	pre_expr : L_PARENTHESE TYPE . R_PARENTHESE pre_expr  (97)
	pre_expr : L_PARENTHESE TYPE . MUL R_PARENTHESE pre_expr  (98)

	R_PARENTHESE  shift 107
	MUL  shift 108
	.  error


state 70
	end_expr : L_PARENTHESE assign_expr . R_PARENTHESE  (116)

	R_PARENTHESE  shift 109
	.  error


state 71
	pre_expr : AND_OP pre_expr .  (100)

	.  reduce 100


state 72
	pre_expr : PLUS pre_expr .  (93)

	.  reduce 93


state 73
	pre_expr : MINUS pre_expr .  (94)

	.  reduce 94


state 74
	pre_expr : MUL pre_expr .  (99)

	.  reduce 99


state 75
	pre_expr : INCREMENT pre_expr .  (91)

	.  reduce 91


state 76
	pre_expr : DECREMENT pre_expr .  (92)

	.  reduce 92


state 77
	pre_expr : NOT pre_expr .  (95)

	.  reduce 95


state 78
	pre_expr : NOT_OP pre_expr .  (96)

	.  reduce 96


state 79
	arr_dim : L_BRACKET assign_expr R_BRACKET .  (21)

	.  reduce 21


state 80
	assign_expr : equal_expr ASSIGN . assign_expr  (75)

	NUM  shift 28
	FLOAT  shift 29
	CHAR  shift 30
	STRING  shift 31
	ID  shift 32
	UKADD  shift 33
	CMPEQ  shift 34
	UCMPLT  shift 35
	UKSUB  shift 36
	L_PARENTHESE  shift 37
	AND_OP  shift 38
	PLUS  shift 39
	MINUS  shift 40
	MUL  shift 41
	INCREMENT  shift 42
	DECREMENT  shift 43
	NOT  shift 44
	NOT_OP  shift 45
	.  error

	assign_expr  goto 110
	equal_expr  goto 47
	comp_expr  goto 48
	add_sub_expr  goto 49
	mul_div_rem_expr  goto 50
	pre_expr  goto 51
	post_expr  goto 52
	end_expr  goto 53


state 81
	equal_expr : equal_expr EQUAL . comp_expr  (77)

	NUM  shift 28
	FLOAT  shift 29
	CHAR  shift 30
	STRING  shift 31
	ID  shift 32
	UKADD  shift 33
	CMPEQ  shift 34
	UCMPLT  shift 35
	UKSUB  shift 36
	L_PARENTHESE  shift 37
	AND_OP  shift 38
	PLUS  shift 39
	MINUS  shift 40
	MUL  shift 41
	INCREMENT  shift 42
	DECREMENT  shift 43
	NOT  shift 44
	NOT_OP  shift 45
	.  error

	comp_expr  goto 111
	add_sub_expr  goto 49
	mul_div_rem_expr  goto 50
	pre_expr  goto 51
	post_expr  goto 52
	end_expr  goto 53


state 82
	equal_expr : equal_expr NOT_EQUAL . comp_expr  (78)

	NUM  shift 28
	FLOAT  shift 29
	CHAR  shift 30
	STRING  shift 31
	ID  shift 32
	UKADD  shift 33
	CMPEQ  shift 34
	UCMPLT  shift 35
	UKSUB  shift 36
	L_PARENTHESE  shift 37
	AND_OP  shift 38
	PLUS  shift 39
	MINUS  shift 40
	MUL  shift 41
	INCREMENT  shift 42
	DECREMENT  shift 43
	NOT  shift 44
	NOT_OP  shift 45
	.  error

	comp_expr  goto 112
	add_sub_expr  goto 49
	mul_div_rem_expr  goto 50
	pre_expr  goto 51
	post_expr  goto 52
	end_expr  goto 53


state 83
	comp_expr : comp_expr LESS . add_sub_expr  (80)

	NUM  shift 28
	FLOAT  shift 29
	CHAR  shift 30
	STRING  shift 31
	ID  shift 32
	UKADD  shift 33
	CMPEQ  shift 34
	UCMPLT  shift 35
	UKSUB  shift 36
	L_PARENTHESE  shift 37
	AND_OP  shift 38
	PLUS  shift 39
	MINUS  shift 40
	MUL  shift 41
	INCREMENT  shift 42
	DECREMENT  shift 43
	NOT  shift 44
	NOT_OP  shift 45
	.  error

	add_sub_expr  goto 113
	mul_div_rem_expr  goto 50
	pre_expr  goto 51
	post_expr  goto 52
	end_expr  goto 53


state 84
	comp_expr : comp_expr GREATER . add_sub_expr  (81)

	NUM  shift 28
	FLOAT  shift 29
	CHAR  shift 30
	STRING  shift 31
	ID  shift 32
	UKADD  shift 33
	CMPEQ  shift 34
	UCMPLT  shift 35
	UKSUB  shift 36
	L_PARENTHESE  shift 37
	AND_OP  shift 38
	PLUS  shift 39
	MINUS  shift 40
	MUL  shift 41
	INCREMENT  shift 42
	DECREMENT  shift 43
	NOT  shift 44
	NOT_OP  shift 45
	.  error

	add_sub_expr  goto 114
	mul_div_rem_expr  goto 50
	pre_expr  goto 51
	post_expr  goto 52
	end_expr  goto 53


state 85
	comp_expr : comp_expr LESS_EQUAL . add_sub_expr  (82)

	NUM  shift 28
	FLOAT  shift 29
	CHAR  shift 30
	STRING  shift 31
	ID  shift 32
	UKADD  shift 33
	CMPEQ  shift 34
	UCMPLT  shift 35
	UKSUB  shift 36
	L_PARENTHESE  shift 37
	AND_OP  shift 38
	PLUS  shift 39
	MINUS  shift 40
	MUL  shift 41
	INCREMENT  shift 42
	DECREMENT  shift 43
	NOT  shift 44
	NOT_OP  shift 45
	.  error

	add_sub_expr  goto 115
	mul_div_rem_expr  goto 50
	pre_expr  goto 51
	post_expr  goto 52
	end_expr  goto 53


state 86
	comp_expr : comp_expr GREATER_EQUAL . add_sub_expr  (83)

	NUM  shift 28
	FLOAT  shift 29
	CHAR  shift 30
	STRING  shift 31
	ID  shift 32
	UKADD  shift 33
	CMPEQ  shift 34
	UCMPLT  shift 35
	UKSUB  shift 36
	L_PARENTHESE  shift 37
	AND_OP  shift 38
	PLUS  shift 39
	MINUS  shift 40
	MUL  shift 41
	INCREMENT  shift 42
	DECREMENT  shift 43
	NOT  shift 44
	NOT_OP  shift 45
	.  error

	add_sub_expr  goto 116
	mul_div_rem_expr  goto 50
	pre_expr  goto 51
	post_expr  goto 52
	end_expr  goto 53


state 87
	add_sub_expr : add_sub_expr PLUS . mul_div_rem_expr  (85)

	NUM  shift 28
	FLOAT  shift 29
	CHAR  shift 30
	STRING  shift 31
	ID  shift 32
	UKADD  shift 33
	CMPEQ  shift 34
	UCMPLT  shift 35
	UKSUB  shift 36
	L_PARENTHESE  shift 37
	AND_OP  shift 38
	PLUS  shift 39
	MINUS  shift 40
	MUL  shift 41
	INCREMENT  shift 42
	DECREMENT  shift 43
	NOT  shift 44
	NOT_OP  shift 45
	.  error

	mul_div_rem_expr  goto 117
	pre_expr  goto 51
	post_expr  goto 52
	end_expr  goto 53


state 88
	add_sub_expr : add_sub_expr MINUS . mul_div_rem_expr  (86)

	NUM  shift 28
	FLOAT  shift 29
	CHAR  shift 30
	STRING  shift 31
	ID  shift 32
	UKADD  shift 33
	CMPEQ  shift 34
	UCMPLT  shift 35
	UKSUB  shift 36
	L_PARENTHESE  shift 37
	AND_OP  shift 38
	PLUS  shift 39
	MINUS  shift 40
	MUL  shift 41
	INCREMENT  shift 42
	DECREMENT  shift 43
	NOT  shift 44
	NOT_OP  shift 45
	.  error

	mul_div_rem_expr  goto 118
	pre_expr  goto 51
	post_expr  goto 52
	end_expr  goto 53


state 89
	mul_div_rem_expr : mul_div_rem_expr MUL . pre_expr  (88)

	NUM  shift 28
	FLOAT  shift 29
	CHAR  shift 30
	STRING  shift 31
	ID  shift 32
	UKADD  shift 33
	CMPEQ  shift 34
	UCMPLT  shift 35
	UKSUB  shift 36
	L_PARENTHESE  shift 37
	AND_OP  shift 38
	PLUS  shift 39
	MINUS  shift 40
	MUL  shift 41
	INCREMENT  shift 42
	DECREMENT  shift 43
	NOT  shift 44
	NOT_OP  shift 45
	.  error

	pre_expr  goto 119
	post_expr  goto 52
	end_expr  goto 53


state 90
	mul_div_rem_expr : mul_div_rem_expr DIV . pre_expr  (89)

	NUM  shift 28
	FLOAT  shift 29
	CHAR  shift 30
	STRING  shift 31
	ID  shift 32
	UKADD  shift 33
	CMPEQ  shift 34
	UCMPLT  shift 35
	UKSUB  shift 36
	L_PARENTHESE  shift 37
	AND_OP  shift 38
	PLUS  shift 39
	MINUS  shift 40
	MUL  shift 41
	INCREMENT  shift 42
	DECREMENT  shift 43
	NOT  shift 44
	NOT_OP  shift 45
	.  error

	pre_expr  goto 120
	post_expr  goto 52
	end_expr  goto 53


state 91
	post_expr : post_expr L_PARENTHESE . assign_expr COMMA assign_expr R_PARENTHESE  (104)

	NUM  shift 28
	FLOAT  shift 29
	CHAR  shift 30
	STRING  shift 31
	ID  shift 32
	UKADD  shift 33
	CMPEQ  shift 34
	UCMPLT  shift 35
	UKSUB  shift 36
	L_PARENTHESE  shift 37
	AND_OP  shift 38
	PLUS  shift 39
	MINUS  shift 40
	MUL  shift 41
	INCREMENT  shift 42
	DECREMENT  shift 43
	NOT  shift 44
	NOT_OP  shift 45
	.  error

	assign_expr  goto 121
	equal_expr  goto 47
	comp_expr  goto 48
	add_sub_expr  goto 49
	mul_div_rem_expr  goto 50
	pre_expr  goto 51
	post_expr  goto 52
	end_expr  goto 53


state 92
	post_expr : post_expr INCREMENT .  (102)

	.  reduce 102


state 93
	post_expr : post_expr DECREMENT .  (103)

	.  reduce 103


state 94
	parameter : TYPE ID .  (28)

	.  reduce 28


state 95
	parameter : TYPE MUL . ID  (29)

	ID  shift 122
	.  error


state 96
	func_decl : TYPE ID L_PARENTHESE R_PARENTHESE SEMICOLON .  (27)

	.  reduce 27


state 97
	func_def : TYPE ID L_PARENTHESE R_PARENTHESE $$2 . compound_stmt  (33)

	L_BRACE  shift 123
	.  error

	compound_stmt  goto 124


state 98
	func_decl : TYPE ID L_PARENTHESE parameter COMMA . parameter R_PARENTHESE SEMICOLON  (26)
	func_def : TYPE ID L_PARENTHESE parameter COMMA . parameter R_PARENTHESE $$1 compound_stmt  (31)

	TYPE  shift 54
	.  error

	parameter  goto 125


state 99
	arr_content : L_BRACE . arr_content R_BRACE  (22)

	NUM  shift 28
	FLOAT  shift 29
	CHAR  shift 30
	STRING  shift 31
	ID  shift 32
	UKADD  shift 33
	CMPEQ  shift 34
	UCMPLT  shift 35
	UKSUB  shift 36
	L_BRACE  shift 99
	L_PARENTHESE  shift 37
	AND_OP  shift 38
	PLUS  shift 39
	MINUS  shift 40
	MUL  shift 41
	INCREMENT  shift 42
	DECREMENT  shift 43
	NOT  shift 44
	NOT_OP  shift 45
	.  error

	assign_expr  goto 100
	arr_content  goto 126
	equal_expr  goto 47
	comp_expr  goto 48
	add_sub_expr  goto 49
	mul_div_rem_expr  goto 50
	pre_expr  goto 51
	post_expr  goto 52
	end_expr  goto 53


state 100
	arr_content : assign_expr .  (25)

	.  reduce 25


state 101
	arr : arr_def ASSIGN L_BRACE arr_content . R_BRACE  (18)
	arr_content : arr_content . COMMA L_BRACE arr_content R_BRACE  (23)
	arr_content : arr_content . COMMA assign_expr  (24)

	COMMA  shift 127
	R_BRACE  shift 128
	.  error


state 102
	arr_expr : L_BRACKET assign_expr . R_BRACKET  (117)

	R_BRACKET  shift 129
	.  error


state 103
	post_expr : UKADD L_PARENTHESE assign_expr . COMMA assign_expr R_PARENTHESE  (105)

	COMMA  shift 130
	.  error


state 104
	post_expr : CMPEQ L_PARENTHESE assign_expr . COMMA assign_expr R_PARENTHESE  (106)

	COMMA  shift 131
	.  error


state 105
	post_expr : UCMPLT L_PARENTHESE assign_expr . COMMA assign_expr R_PARENTHESE  (107)

	COMMA  shift 132
	.  error


state 106
	post_expr : UKSUB L_PARENTHESE assign_expr . COMMA assign_expr R_PARENTHESE  (108)

	COMMA  shift 133
	.  error


state 107
	pre_expr : L_PARENTHESE TYPE R_PARENTHESE . pre_expr  (97)

	NUM  shift 28
	FLOAT  shift 29
	CHAR  shift 30
	STRING  shift 31
	ID  shift 32
	UKADD  shift 33
	CMPEQ  shift 34
	UCMPLT  shift 35
	UKSUB  shift 36
	L_PARENTHESE  shift 37
	AND_OP  shift 38
	PLUS  shift 39
	MINUS  shift 40
	MUL  shift 41
	INCREMENT  shift 42
	DECREMENT  shift 43
	NOT  shift 44
	NOT_OP  shift 45
	.  error

	pre_expr  goto 134
	post_expr  goto 52
	end_expr  goto 53


state 108
	pre_expr : L_PARENTHESE TYPE MUL . R_PARENTHESE pre_expr  (98)

	R_PARENTHESE  shift 135
	.  error


state 109
	end_expr : L_PARENTHESE assign_expr R_PARENTHESE .  (116)

	.  reduce 116


state 110
	assign_expr : equal_expr ASSIGN assign_expr .  (75)

	.  reduce 75


state 111
	equal_expr : equal_expr EQUAL comp_expr .  (77)
	comp_expr : comp_expr . LESS add_sub_expr  (80)
	comp_expr : comp_expr . GREATER add_sub_expr  (81)
	comp_expr : comp_expr . LESS_EQUAL add_sub_expr  (82)
	comp_expr : comp_expr . GREATER_EQUAL add_sub_expr  (83)

	LESS  shift 83
	GREATER  shift 84
	LESS_EQUAL  shift 85
	GREATER_EQUAL  shift 86
	COMMA  reduce 77
	SEMICOLON  reduce 77
	ASSIGN  reduce 77
	R_BRACKET  reduce 77
	R_BRACE  reduce 77
	R_PARENTHESE  reduce 77
	EQUAL  reduce 77
	NOT_EQUAL  reduce 77


state 112
	equal_expr : equal_expr NOT_EQUAL comp_expr .  (78)
	comp_expr : comp_expr . LESS add_sub_expr  (80)
	comp_expr : comp_expr . GREATER add_sub_expr  (81)
	comp_expr : comp_expr . LESS_EQUAL add_sub_expr  (82)
	comp_expr : comp_expr . GREATER_EQUAL add_sub_expr  (83)

	LESS  shift 83
	GREATER  shift 84
	LESS_EQUAL  shift 85
	GREATER_EQUAL  shift 86
	COMMA  reduce 78
	SEMICOLON  reduce 78
	ASSIGN  reduce 78
	R_BRACKET  reduce 78
	R_BRACE  reduce 78
	R_PARENTHESE  reduce 78
	EQUAL  reduce 78
	NOT_EQUAL  reduce 78


state 113
	comp_expr : comp_expr LESS add_sub_expr .  (80)
	add_sub_expr : add_sub_expr . PLUS mul_div_rem_expr  (85)
	add_sub_expr : add_sub_expr . MINUS mul_div_rem_expr  (86)

	PLUS  shift 87
	MINUS  shift 88
	COMMA  reduce 80
	SEMICOLON  reduce 80
	ASSIGN  reduce 80
	R_BRACKET  reduce 80
	R_BRACE  reduce 80
	R_PARENTHESE  reduce 80
	EQUAL  reduce 80
	NOT_EQUAL  reduce 80
	LESS  reduce 80
	GREATER  reduce 80
	LESS_EQUAL  reduce 80
	GREATER_EQUAL  reduce 80


state 114
	comp_expr : comp_expr GREATER add_sub_expr .  (81)
	add_sub_expr : add_sub_expr . PLUS mul_div_rem_expr  (85)
	add_sub_expr : add_sub_expr . MINUS mul_div_rem_expr  (86)

	PLUS  shift 87
	MINUS  shift 88
	COMMA  reduce 81
	SEMICOLON  reduce 81
	ASSIGN  reduce 81
	R_BRACKET  reduce 81
	R_BRACE  reduce 81
	R_PARENTHESE  reduce 81
	EQUAL  reduce 81
	NOT_EQUAL  reduce 81
	LESS  reduce 81
	GREATER  reduce 81
	LESS_EQUAL  reduce 81
	GREATER_EQUAL  reduce 81


state 115
	comp_expr : comp_expr LESS_EQUAL add_sub_expr .  (82)
	add_sub_expr : add_sub_expr . PLUS mul_div_rem_expr  (85)
	add_sub_expr : add_sub_expr . MINUS mul_div_rem_expr  (86)

	PLUS  shift 87
	MINUS  shift 88
	COMMA  reduce 82
	SEMICOLON  reduce 82
	ASSIGN  reduce 82
	R_BRACKET  reduce 82
	R_BRACE  reduce 82
	R_PARENTHESE  reduce 82
	EQUAL  reduce 82
	NOT_EQUAL  reduce 82
	LESS  reduce 82
	GREATER  reduce 82
	LESS_EQUAL  reduce 82
	GREATER_EQUAL  reduce 82


state 116
	comp_expr : comp_expr GREATER_EQUAL add_sub_expr .  (83)
	add_sub_expr : add_sub_expr . PLUS mul_div_rem_expr  (85)
	add_sub_expr : add_sub_expr . MINUS mul_div_rem_expr  (86)

	PLUS  shift 87
	MINUS  shift 88
	COMMA  reduce 83
	SEMICOLON  reduce 83
	ASSIGN  reduce 83
	R_BRACKET  reduce 83
	R_BRACE  reduce 83
	R_PARENTHESE  reduce 83
	EQUAL  reduce 83
	NOT_EQUAL  reduce 83
	LESS  reduce 83
	GREATER  reduce 83
	LESS_EQUAL  reduce 83
	GREATER_EQUAL  reduce 83


state 117
	add_sub_expr : add_sub_expr PLUS mul_div_rem_expr .  (85)
	mul_div_rem_expr : mul_div_rem_expr . MUL pre_expr  (88)
	mul_div_rem_expr : mul_div_rem_expr . DIV pre_expr  (89)

	MUL  shift 89
	DIV  shift 90
	COMMA  reduce 85
	SEMICOLON  reduce 85
	ASSIGN  reduce 85
	R_BRACKET  reduce 85
	R_BRACE  reduce 85
	R_PARENTHESE  reduce 85
	EQUAL  reduce 85
	NOT_EQUAL  reduce 85
	LESS  reduce 85
	GREATER  reduce 85
	LESS_EQUAL  reduce 85
	GREATER_EQUAL  reduce 85
	PLUS  reduce 85
	MINUS  reduce 85


state 118
	add_sub_expr : add_sub_expr MINUS mul_div_rem_expr .  (86)
	mul_div_rem_expr : mul_div_rem_expr . MUL pre_expr  (88)
	mul_div_rem_expr : mul_div_rem_expr . DIV pre_expr  (89)

	MUL  shift 89
	DIV  shift 90
	COMMA  reduce 86
	SEMICOLON  reduce 86
	ASSIGN  reduce 86
	R_BRACKET  reduce 86
	R_BRACE  reduce 86
	R_PARENTHESE  reduce 86
	EQUAL  reduce 86
	NOT_EQUAL  reduce 86
	LESS  reduce 86
	GREATER  reduce 86
	LESS_EQUAL  reduce 86
	GREATER_EQUAL  reduce 86
	PLUS  reduce 86
	MINUS  reduce 86


state 119
	mul_div_rem_expr : mul_div_rem_expr MUL pre_expr .  (88)

	.  reduce 88


state 120
	mul_div_rem_expr : mul_div_rem_expr DIV pre_expr .  (89)

	.  reduce 89


state 121
	post_expr : post_expr L_PARENTHESE assign_expr . COMMA assign_expr R_PARENTHESE  (104)

	COMMA  shift 136
	.  error


state 122
	parameter : TYPE MUL ID .  (29)

	.  reduce 29


state 123
	compound_stmt : L_BRACE . stmts R_BRACE  (34)
	compound_stmt : L_BRACE . R_BRACE  (35)

	NUM  shift 28
	FLOAT  shift 29
	CHAR  shift 30
	STRING  shift 31
	TYPE  shift 137
	ID  shift 32
	IF  shift 138
	WHILE  shift 139
	DO  shift 140
	FOR  shift 141
	RETURN  shift 142
	BREAK  shift 143
	DIGITALWRITE  shift 144
	DELAY  shift 145
	UKADD  shift 33
	CMPEQ  shift 34
	UCMPLT  shift 35
	UKSUB  shift 36
	R_BRACE  shift 146
	L_BRACE  shift 123
	L_PARENTHESE  shift 37
	AND_OP  shift 38
	PLUS  shift 39
	MINUS  shift 40
	MUL  shift 41
	INCREMENT  shift 42
	DECREMENT  shift 43
	NOT  shift 44
	NOT_OP  shift 45
	.  error

	scalar_decl  goto 147
	assign_expr  goto 148
	array_decl  goto 149
	compound_stmt  goto 150
	stmts  goto 151
	stmt  goto 152
	if_else_stmt  goto 153
	if_stmt  goto 154
	while_stmt  goto 155
	for_stmt  goto 156
	return_stmt  goto 157
	break_stmt  goto 158
	digitalwrite_stmt  goto 159
	delay_stmt  goto 160
	equal_expr  goto 47
	comp_expr  goto 48
	add_sub_expr  goto 49
	mul_div_rem_expr  goto 50
	pre_expr  goto 51
	post_expr  goto 52
	end_expr  goto 53


state 124
	func_def : TYPE ID L_PARENTHESE R_PARENTHESE $$2 compound_stmt .  (33)

	.  reduce 33


state 125
	func_decl : TYPE ID L_PARENTHESE parameter COMMA parameter . R_PARENTHESE SEMICOLON  (26)
	func_def : TYPE ID L_PARENTHESE parameter COMMA parameter . R_PARENTHESE $$1 compound_stmt  (31)

	R_PARENTHESE  shift 161
	.  error


state 126
	arr_content : L_BRACE arr_content . R_BRACE  (22)
	arr_content : arr_content . COMMA L_BRACE arr_content R_BRACE  (23)
	arr_content : arr_content . COMMA assign_expr  (24)

	COMMA  shift 127
	R_BRACE  shift 162
	.  error


state 127
	arr_content : arr_content COMMA . L_BRACE arr_content R_BRACE  (23)
	arr_content : arr_content COMMA . assign_expr  (24)

	NUM  shift 28
	FLOAT  shift 29
	CHAR  shift 30
	STRING  shift 31
	ID  shift 32
	UKADD  shift 33
	CMPEQ  shift 34
	UCMPLT  shift 35
	UKSUB  shift 36
	L_BRACE  shift 163
	L_PARENTHESE  shift 37
	AND_OP  shift 38
	PLUS  shift 39
	MINUS  shift 40
	MUL  shift 41
	INCREMENT  shift 42
	DECREMENT  shift 43
	NOT  shift 44
	NOT_OP  shift 45
	.  error

	assign_expr  goto 164
	equal_expr  goto 47
	comp_expr  goto 48
	add_sub_expr  goto 49
	mul_div_rem_expr  goto 50
	pre_expr  goto 51
	post_expr  goto 52
	end_expr  goto 53


state 128
	arr : arr_def ASSIGN L_BRACE arr_content R_BRACE .  (18)

	.  reduce 18


state 129
	arr_expr : L_BRACKET assign_expr R_BRACKET .  (117)

	.  reduce 117


state 130
	post_expr : UKADD L_PARENTHESE assign_expr COMMA . assign_expr R_PARENTHESE  (105)

	NUM  shift 28
	FLOAT  shift 29
	CHAR  shift 30
	STRING  shift 31
	ID  shift 32
	UKADD  shift 33
	CMPEQ  shift 34
	UCMPLT  shift 35
	UKSUB  shift 36
	L_PARENTHESE  shift 37
	AND_OP  shift 38
	PLUS  shift 39
	MINUS  shift 40
	MUL  shift 41
	INCREMENT  shift 42
	DECREMENT  shift 43
	NOT  shift 44
	NOT_OP  shift 45
	.  error

	assign_expr  goto 165
	equal_expr  goto 47
	comp_expr  goto 48
	add_sub_expr  goto 49
	mul_div_rem_expr  goto 50
	pre_expr  goto 51
	post_expr  goto 52
	end_expr  goto 53


state 131
	post_expr : CMPEQ L_PARENTHESE assign_expr COMMA . assign_expr R_PARENTHESE  (106)

	NUM  shift 28
	FLOAT  shift 29
	CHAR  shift 30
	STRING  shift 31
	ID  shift 32
	UKADD  shift 33
	CMPEQ  shift 34
	UCMPLT  shift 35
	UKSUB  shift 36
	L_PARENTHESE  shift 37
	AND_OP  shift 38
	PLUS  shift 39
	MINUS  shift 40
	MUL  shift 41
	INCREMENT  shift 42
	DECREMENT  shift 43
	NOT  shift 44
	NOT_OP  shift 45
	.  error

	assign_expr  goto 166
	equal_expr  goto 47
	comp_expr  goto 48
	add_sub_expr  goto 49
	mul_div_rem_expr  goto 50
	pre_expr  goto 51
	post_expr  goto 52
	end_expr  goto 53


state 132
	post_expr : UCMPLT L_PARENTHESE assign_expr COMMA . assign_expr R_PARENTHESE  (107)

	NUM  shift 28
	FLOAT  shift 29
	CHAR  shift 30
	STRING  shift 31
	ID  shift 32
	UKADD  shift 33
	CMPEQ  shift 34
	UCMPLT  shift 35
	UKSUB  shift 36
	L_PARENTHESE  shift 37
	AND_OP  shift 38
	PLUS  shift 39
	MINUS  shift 40
	MUL  shift 41
	INCREMENT  shift 42
	DECREMENT  shift 43
	NOT  shift 44
	NOT_OP  shift 45
	.  error

	assign_expr  goto 167
	equal_expr  goto 47
	comp_expr  goto 48
	add_sub_expr  goto 49
	mul_div_rem_expr  goto 50
	pre_expr  goto 51
	post_expr  goto 52
	end_expr  goto 53


state 133
	post_expr : UKSUB L_PARENTHESE assign_expr COMMA . assign_expr R_PARENTHESE  (108)

	NUM  shift 28
	FLOAT  shift 29
	CHAR  shift 30
	STRING  shift 31
	ID  shift 32
	UKADD  shift 33
	CMPEQ  shift 34
	UCMPLT  shift 35
	UKSUB  shift 36
	L_PARENTHESE  shift 37
	AND_OP  shift 38
	PLUS  shift 39
	MINUS  shift 40
	MUL  shift 41
	INCREMENT  shift 42
	DECREMENT  shift 43
	NOT  shift 44
	NOT_OP  shift 45
	.  error

	assign_expr  goto 168
	equal_expr  goto 47
	comp_expr  goto 48
	add_sub_expr  goto 49
	mul_div_rem_expr  goto 50
	pre_expr  goto 51
	post_expr  goto 52
	end_expr  goto 53


state 134
	pre_expr : L_PARENTHESE TYPE R_PARENTHESE pre_expr .  (97)

	.  reduce 97


state 135
	pre_expr : L_PARENTHESE TYPE MUL R_PARENTHESE . pre_expr  (98)

	NUM  shift 28
	FLOAT  shift 29
	CHAR  shift 30
	STRING  shift 31
	ID  shift 32
	UKADD  shift 33
	CMPEQ  shift 34
	UCMPLT  shift 35
	UKSUB  shift 36
	L_PARENTHESE  shift 37
	AND_OP  shift 38
	PLUS  shift 39
	MINUS  shift 40
	MUL  shift 41
	INCREMENT  shift 42
	DECREMENT  shift 43
	NOT  shift 44
	NOT_OP  shift 45
	.  error

	pre_expr  goto 169
	post_expr  goto 52
	end_expr  goto 53


state 136
	post_expr : post_expr L_PARENTHESE assign_expr COMMA . assign_expr R_PARENTHESE  (104)

	NUM  shift 28
	FLOAT  shift 29
	CHAR  shift 30
	STRING  shift 31
	ID  shift 32
	UKADD  shift 33
	CMPEQ  shift 34
	UCMPLT  shift 35
	UKSUB  shift 36
	L_PARENTHESE  shift 37
	AND_OP  shift 38
	PLUS  shift 39
	MINUS  shift 40
	MUL  shift 41
	INCREMENT  shift 42
	DECREMENT  shift 43
	NOT  shift 44
	NOT_OP  shift 45
	.  error

	assign_expr  goto 170
	equal_expr  goto 47
	comp_expr  goto 48
	add_sub_expr  goto 49
	mul_div_rem_expr  goto 50
	pre_expr  goto 51
	post_expr  goto 52
	end_expr  goto 53


state 137
	scalar_decl : TYPE . idents SEMICOLON  (8)
	array_decl : TYPE . arrs SEMICOLON  (15)

	ID  shift 171
	MUL  shift 10
	.  error

	ident  goto 11
	ident_front  goto 12
	idents  goto 13
	arrs  goto 14
	arr  goto 15
	arr_def  goto 16


state 138
	if_stmt : IF . L_PARENTHESE $$3 assign_expr R_PARENTHESE $$4 compound_stmt  (54)

	L_PARENTHESE  shift 172
	.  error


state 139
	while_stmt : WHILE . L_PARENTHESE $$6 assign_expr $$7 R_PARENTHESE compound_stmt  (60)

	L_PARENTHESE  shift 173
	.  error


state 140
	while_stmt : DO . $$8 compound_stmt WHILE L_PARENTHESE $$9 assign_expr R_PARENTHESE SEMICOLON  (63)
	$$8 : .  (61)

	.  reduce 61

	$$8  goto 174


state 141
	for_stmt : FOR . L_PARENTHESE $$10 for_cond $$11 for_cond $$12 for_last_cond $$13 compound_stmt  (68)

	L_PARENTHESE  shift 175
	.  error


state 142
	return_stmt : RETURN . assign_expr SEMICOLON  (73)

	NUM  shift 28
	FLOAT  shift 29
	CHAR  shift 30
	STRING  shift 31
	ID  shift 32
	UKADD  shift 33
	CMPEQ  shift 34
	UCMPLT  shift 35
	UKSUB  shift 36
	L_PARENTHESE  shift 37
	AND_OP  shift 38
	PLUS  shift 39
	MINUS  shift 40
	MUL  shift 41
	INCREMENT  shift 42
	DECREMENT  shift 43
	NOT  shift 44
	NOT_OP  shift 45
	.  error

	assign_expr  goto 176
	equal_expr  goto 47
	comp_expr  goto 48
	add_sub_expr  goto 49
	mul_div_rem_expr  goto 50
	pre_expr  goto 51
	post_expr  goto 52
	end_expr  goto 53


state 143
	break_stmt : BREAK . SEMICOLON  (74)

	SEMICOLON  shift 177
	.  error


state 144
	digitalwrite_stmt : DIGITALWRITE . L_PARENTHESE assign_expr COMMA assign_expr R_PARENTHESE SEMICOLON  (49)

	L_PARENTHESE  shift 178
	.  error


state 145
	delay_stmt : DELAY . L_PARENTHESE assign_expr R_PARENTHESE SEMICOLON  (50)

	L_PARENTHESE  shift 179
	.  error


state 146
	compound_stmt : L_BRACE R_BRACE .  (35)

	.  reduce 35


state 147
	stmt : scalar_decl .  (44)

	.  reduce 44


state 148
	stmt : assign_expr . SEMICOLON  (46)

	SEMICOLON  shift 180
	.  error


state 149
	stmt : array_decl .  (45)

	.  reduce 45


state 150
	stmt : compound_stmt .  (43)

	.  reduce 43


state 151
	compound_stmt : L_BRACE stmts . R_BRACE  (34)
	stmts : stmts . stmt  (36)

	NUM  shift 28
	FLOAT  shift 29
	CHAR  shift 30
	STRING  shift 31
	TYPE  shift 137
	ID  shift 32
	IF  shift 138
	WHILE  shift 139
	DO  shift 140
	FOR  shift 141
	RETURN  shift 142
	BREAK  shift 143
	DIGITALWRITE  shift 144
	DELAY  shift 145
	UKADD  shift 33
	CMPEQ  shift 34
	UCMPLT  shift 35
	UKSUB  shift 36
	R_BRACE  shift 181
	L_BRACE  shift 123
	L_PARENTHESE  shift 37
	AND_OP  shift 38
	PLUS  shift 39
	MINUS  shift 40
	MUL  shift 41
	INCREMENT  shift 42
	DECREMENT  shift 43
	NOT  shift 44
	NOT_OP  shift 45
	.  error

	scalar_decl  goto 147
	assign_expr  goto 148
	array_decl  goto 149
	compound_stmt  goto 150
	stmt  goto 182
	if_else_stmt  goto 153
	if_stmt  goto 154
	while_stmt  goto 155
	for_stmt  goto 156
	return_stmt  goto 157
	break_stmt  goto 158
	digitalwrite_stmt  goto 159
	delay_stmt  goto 160
	equal_expr  goto 47
	comp_expr  goto 48
	add_sub_expr  goto 49
	mul_div_rem_expr  goto 50
	pre_expr  goto 51
	post_expr  goto 52
	end_expr  goto 53


state 152
	stmts : stmt .  (37)

	.  reduce 37


state 153
	stmt : if_else_stmt .  (38)

	.  reduce 38


state 154
	if_else_stmt : if_stmt . else_stmt  (51)
	else_stmt : .  (57)

	ELSE  shift 183
	NUM  reduce 57
	FLOAT  reduce 57
	CHAR  reduce 57
	STRING  reduce 57
	TYPE  reduce 57
	ID  reduce 57
	IF  reduce 57
	WHILE  reduce 57
	DO  reduce 57
	FOR  reduce 57
	RETURN  reduce 57
	BREAK  reduce 57
	DIGITALWRITE  reduce 57
	DELAY  reduce 57
	UKADD  reduce 57
	CMPEQ  reduce 57
	UCMPLT  reduce 57
	UKSUB  reduce 57
	R_BRACE  reduce 57
	L_BRACE  reduce 57
	L_PARENTHESE  reduce 57
	AND_OP  reduce 57
	PLUS  reduce 57
	MINUS  reduce 57
	MUL  reduce 57
	INCREMENT  reduce 57
	DECREMENT  reduce 57
	NOT  reduce 57
	NOT_OP  reduce 57

	else_stmt  goto 184


state 155
	stmt : while_stmt .  (39)

	.  reduce 39


state 156
	stmt : for_stmt .  (40)

	.  reduce 40


state 157
	stmt : return_stmt .  (41)

	.  reduce 41


state 158
	stmt : break_stmt .  (42)

	.  reduce 42


state 159
	stmt : digitalwrite_stmt .  (47)

	.  reduce 47


state 160
	stmt : delay_stmt .  (48)

	.  reduce 48


state 161
	func_decl : TYPE ID L_PARENTHESE parameter COMMA parameter R_PARENTHESE . SEMICOLON  (26)
	func_def : TYPE ID L_PARENTHESE parameter COMMA parameter R_PARENTHESE . $$1 compound_stmt  (31)
	$$1 : .  (30)

	SEMICOLON  shift 185
	L_BRACE  reduce 30

	$$1  goto 186


state 162
	arr_content : L_BRACE arr_content R_BRACE .  (22)

	.  reduce 22


state 163
	arr_content : arr_content COMMA L_BRACE . arr_content R_BRACE  (23)

	NUM  shift 28
	FLOAT  shift 29
	CHAR  shift 30
	STRING  shift 31
	ID  shift 32
	UKADD  shift 33
	CMPEQ  shift 34
	UCMPLT  shift 35
	UKSUB  shift 36
	L_BRACE  shift 99
	L_PARENTHESE  shift 37
	AND_OP  shift 38
	PLUS  shift 39
	MINUS  shift 40
	MUL  shift 41
	INCREMENT  shift 42
	DECREMENT  shift 43
	NOT  shift 44
	NOT_OP  shift 45
	.  error

	assign_expr  goto 100
	arr_content  goto 187
	equal_expr  goto 47
	comp_expr  goto 48
	add_sub_expr  goto 49
	mul_div_rem_expr  goto 50
	pre_expr  goto 51
	post_expr  goto 52
	end_expr  goto 53


state 164
	arr_content : arr_content COMMA assign_expr .  (24)

	.  reduce 24


state 165
	post_expr : UKADD L_PARENTHESE assign_expr COMMA assign_expr . R_PARENTHESE  (105)

	R_PARENTHESE  shift 188
	.  error


state 166
	post_expr : CMPEQ L_PARENTHESE assign_expr COMMA assign_expr . R_PARENTHESE  (106)

	R_PARENTHESE  shift 189
	.  error


state 167
	post_expr : UCMPLT L_PARENTHESE assign_expr COMMA assign_expr . R_PARENTHESE  (107)

	R_PARENTHESE  shift 190
	.  error


state 168
	post_expr : UKSUB L_PARENTHESE assign_expr COMMA assign_expr . R_PARENTHESE  (108)

	R_PARENTHESE  shift 191
	.  error


state 169
	pre_expr : L_PARENTHESE TYPE MUL R_PARENTHESE pre_expr .  (98)

	.  reduce 98


state 170
	post_expr : post_expr L_PARENTHESE assign_expr COMMA assign_expr . R_PARENTHESE  (104)

	R_PARENTHESE  shift 192
	.  error


state 171
	ident_front : ID .  (13)
	arr_def : ID . arr_dim  (20)

	L_BRACKET  shift 18
	COMMA  reduce 13
	SEMICOLON  reduce 13
	ASSIGN  reduce 13

	arr_dim  goto 20


state 172
	if_stmt : IF L_PARENTHESE . $$3 assign_expr R_PARENTHESE $$4 compound_stmt  (54)
	$$3 : .  (52)

	.  reduce 52

	$$3  goto 193


state 173
	while_stmt : WHILE L_PARENTHESE . $$6 assign_expr $$7 R_PARENTHESE compound_stmt  (60)
	$$6 : .  (58)

	.  reduce 58

	$$6  goto 194


state 174
	while_stmt : DO $$8 . compound_stmt WHILE L_PARENTHESE $$9 assign_expr R_PARENTHESE SEMICOLON  (63)

	L_BRACE  shift 123
	.  error

	compound_stmt  goto 195


state 175
	for_stmt : FOR L_PARENTHESE . $$10 for_cond $$11 for_cond $$12 for_last_cond $$13 compound_stmt  (68)
	$$10 : .  (64)

	.  reduce 64

	$$10  goto 196


state 176
	return_stmt : RETURN assign_expr . SEMICOLON  (73)

	SEMICOLON  shift 197
	.  error


state 177
	break_stmt : BREAK SEMICOLON .  (74)

	.  reduce 74


state 178
	digitalwrite_stmt : DIGITALWRITE L_PARENTHESE . assign_expr COMMA assign_expr R_PARENTHESE SEMICOLON  (49)

	NUM  shift 28
	FLOAT  shift 29
	CHAR  shift 30
	STRING  shift 31
	ID  shift 32
	UKADD  shift 33
	CMPEQ  shift 34
	UCMPLT  shift 35
	UKSUB  shift 36
	L_PARENTHESE  shift 37
	AND_OP  shift 38
	PLUS  shift 39
	MINUS  shift 40
	MUL  shift 41
	INCREMENT  shift 42
	DECREMENT  shift 43
	NOT  shift 44
	NOT_OP  shift 45
	.  error

	assign_expr  goto 198
	equal_expr  goto 47
	comp_expr  goto 48
	add_sub_expr  goto 49
	mul_div_rem_expr  goto 50
	pre_expr  goto 51
	post_expr  goto 52
	end_expr  goto 53


state 179
	delay_stmt : DELAY L_PARENTHESE . assign_expr R_PARENTHESE SEMICOLON  (50)

	NUM  shift 28
	FLOAT  shift 29
	CHAR  shift 30
	STRING  shift 31
	ID  shift 32
	UKADD  shift 33
	CMPEQ  shift 34
	UCMPLT  shift 35
	UKSUB  shift 36
	L_PARENTHESE  shift 37
	AND_OP  shift 38
	PLUS  shift 39
	MINUS  shift 40
	MUL  shift 41
	INCREMENT  shift 42
	DECREMENT  shift 43
	NOT  shift 44
	NOT_OP  shift 45
	.  error

	assign_expr  goto 199
	equal_expr  goto 47
	comp_expr  goto 48
	add_sub_expr  goto 49
	mul_div_rem_expr  goto 50
	pre_expr  goto 51
	post_expr  goto 52
	end_expr  goto 53


state 180
	stmt : assign_expr SEMICOLON .  (46)

	.  reduce 46


state 181
	compound_stmt : L_BRACE stmts R_BRACE .  (34)

	.  reduce 34


state 182
	stmts : stmts stmt .  (36)

	.  reduce 36


state 183
	else_stmt : ELSE . $$5 compound_stmt  (56)
	$$5 : .  (55)

	.  reduce 55

	$$5  goto 200


state 184
	if_else_stmt : if_stmt else_stmt .  (51)

	.  reduce 51


state 185
	func_decl : TYPE ID L_PARENTHESE parameter COMMA parameter R_PARENTHESE SEMICOLON .  (26)

	.  reduce 26


state 186
	func_def : TYPE ID L_PARENTHESE parameter COMMA parameter R_PARENTHESE $$1 . compound_stmt  (31)

	L_BRACE  shift 123
	.  error

	compound_stmt  goto 201


state 187
	arr_content : arr_content . COMMA L_BRACE arr_content R_BRACE  (23)
	arr_content : arr_content COMMA L_BRACE arr_content . R_BRACE  (23)
	arr_content : arr_content . COMMA assign_expr  (24)

	COMMA  shift 127
	R_BRACE  shift 202
	.  error


state 188
	post_expr : UKADD L_PARENTHESE assign_expr COMMA assign_expr R_PARENTHESE .  (105)

	.  reduce 105


state 189
	post_expr : CMPEQ L_PARENTHESE assign_expr COMMA assign_expr R_PARENTHESE .  (106)

	.  reduce 106


state 190
	post_expr : UCMPLT L_PARENTHESE assign_expr COMMA assign_expr R_PARENTHESE .  (107)

	.  reduce 107


state 191
	post_expr : UKSUB L_PARENTHESE assign_expr COMMA assign_expr R_PARENTHESE .  (108)

	.  reduce 108


state 192
	post_expr : post_expr L_PARENTHESE assign_expr COMMA assign_expr R_PARENTHESE .  (104)

	.  reduce 104


state 193
	if_stmt : IF L_PARENTHESE $$3 . assign_expr R_PARENTHESE $$4 compound_stmt  (54)

	NUM  shift 28
	FLOAT  shift 29
	CHAR  shift 30
	STRING  shift 31
	ID  shift 32
	UKADD  shift 33
	CMPEQ  shift 34
	UCMPLT  shift 35
	UKSUB  shift 36
	L_PARENTHESE  shift 37
	AND_OP  shift 38
	PLUS  shift 39
	MINUS  shift 40
	MUL  shift 41
	INCREMENT  shift 42
	DECREMENT  shift 43
	NOT  shift 44
	NOT_OP  shift 45
	.  error

	assign_expr  goto 203
	equal_expr  goto 47
	comp_expr  goto 48
	add_sub_expr  goto 49
	mul_div_rem_expr  goto 50
	pre_expr  goto 51
	post_expr  goto 52
	end_expr  goto 53


state 194
	while_stmt : WHILE L_PARENTHESE $$6 . assign_expr $$7 R_PARENTHESE compound_stmt  (60)

	NUM  shift 28
	FLOAT  shift 29
	CHAR  shift 30
	STRING  shift 31
	ID  shift 32
	UKADD  shift 33
	CMPEQ  shift 34
	UCMPLT  shift 35
	UKSUB  shift 36
	L_PARENTHESE  shift 37
	AND_OP  shift 38
	PLUS  shift 39
	MINUS  shift 40
	MUL  shift 41
	INCREMENT  shift 42
	DECREMENT  shift 43
	NOT  shift 44
	NOT_OP  shift 45
	.  error

	assign_expr  goto 204
	equal_expr  goto 47
	comp_expr  goto 48
	add_sub_expr  goto 49
	mul_div_rem_expr  goto 50
	pre_expr  goto 51
	post_expr  goto 52
	end_expr  goto 53


state 195
	while_stmt : DO $$8 compound_stmt . WHILE L_PARENTHESE $$9 assign_expr R_PARENTHESE SEMICOLON  (63)

	WHILE  shift 205
	.  error


state 196
	for_stmt : FOR L_PARENTHESE $$10 . for_cond $$11 for_cond $$12 for_last_cond $$13 compound_stmt  (68)

	NUM  shift 28
	FLOAT  shift 29
	CHAR  shift 30
	STRING  shift 31
	ID  shift 32
	UKADD  shift 33
	CMPEQ  shift 34
	UCMPLT  shift 35
	UKSUB  shift 36
	SEMICOLON  shift 206
	L_PARENTHESE  shift 37
	AND_OP  shift 38
	PLUS  shift 39
	MINUS  shift 40
	MUL  shift 41
	INCREMENT  shift 42
	DECREMENT  shift 43
	NOT  shift 44
	NOT_OP  shift 45
	.  error

	assign_expr  goto 207
	for_cond  goto 208
	equal_expr  goto 47
	comp_expr  goto 48
	add_sub_expr  goto 49
	mul_div_rem_expr  goto 50
	pre_expr  goto 51
	post_expr  goto 52
	end_expr  goto 53


state 197
	return_stmt : RETURN assign_expr SEMICOLON .  (73)

	.  reduce 73


state 198
	digitalwrite_stmt : DIGITALWRITE L_PARENTHESE assign_expr . COMMA assign_expr R_PARENTHESE SEMICOLON  (49)

	COMMA  shift 209
	.  error


state 199
	delay_stmt : DELAY L_PARENTHESE assign_expr . R_PARENTHESE SEMICOLON  (50)

	R_PARENTHESE  shift 210
	.  error


state 200
	else_stmt : ELSE $$5 . compound_stmt  (56)

	L_BRACE  shift 123
	.  error

	compound_stmt  goto 211


state 201
	func_def : TYPE ID L_PARENTHESE parameter COMMA parameter R_PARENTHESE $$1 compound_stmt .  (31)

	.  reduce 31


state 202
	arr_content : arr_content COMMA L_BRACE arr_content R_BRACE .  (23)

	.  reduce 23


state 203
	if_stmt : IF L_PARENTHESE $$3 assign_expr . R_PARENTHESE $$4 compound_stmt  (54)

	R_PARENTHESE  shift 212
	.  error


state 204
	while_stmt : WHILE L_PARENTHESE $$6 assign_expr . $$7 R_PARENTHESE compound_stmt  (60)
	$$7 : .  (59)

	.  reduce 59

	$$7  goto 213


state 205
	while_stmt : DO $$8 compound_stmt WHILE . L_PARENTHESE $$9 assign_expr R_PARENTHESE SEMICOLON  (63)

	L_PARENTHESE  shift 214
	.  error


state 206
	for_cond : SEMICOLON .  (70)

	.  reduce 70


state 207
	for_cond : assign_expr . SEMICOLON  (69)

	SEMICOLON  shift 215
	.  error


state 208
	for_stmt : FOR L_PARENTHESE $$10 for_cond . $$11 for_cond $$12 for_last_cond $$13 compound_stmt  (68)
	$$11 : .  (65)

	.  reduce 65

	$$11  goto 216


state 209
	digitalwrite_stmt : DIGITALWRITE L_PARENTHESE assign_expr COMMA . assign_expr R_PARENTHESE SEMICOLON  (49)

	NUM  shift 28
	FLOAT  shift 29
	CHAR  shift 30
	STRING  shift 31
	ID  shift 32
	UKADD  shift 33
	CMPEQ  shift 34
	UCMPLT  shift 35
	UKSUB  shift 36
	L_PARENTHESE  shift 37
	AND_OP  shift 38
	PLUS  shift 39
	MINUS  shift 40
	MUL  shift 41
	INCREMENT  shift 42
	DECREMENT  shift 43
	NOT  shift 44
	NOT_OP  shift 45
	.  error

	assign_expr  goto 217
	equal_expr  goto 47
	comp_expr  goto 48
	add_sub_expr  goto 49
	mul_div_rem_expr  goto 50
	pre_expr  goto 51
	post_expr  goto 52
	end_expr  goto 53


state 210
	delay_stmt : DELAY L_PARENTHESE assign_expr R_PARENTHESE . SEMICOLON  (50)

	SEMICOLON  shift 218
	.  error


state 211
	else_stmt : ELSE $$5 compound_stmt .  (56)

	.  reduce 56


state 212
	if_stmt : IF L_PARENTHESE $$3 assign_expr R_PARENTHESE . $$4 compound_stmt  (54)
	$$4 : .  (53)

	.  reduce 53

	$$4  goto 219


state 213
	while_stmt : WHILE L_PARENTHESE $$6 assign_expr $$7 . R_PARENTHESE compound_stmt  (60)

	R_PARENTHESE  shift 220
	.  error


state 214
	while_stmt : DO $$8 compound_stmt WHILE L_PARENTHESE . $$9 assign_expr R_PARENTHESE SEMICOLON  (63)
	$$9 : .  (62)

	.  reduce 62

	$$9  goto 221


state 215
	for_cond : assign_expr SEMICOLON .  (69)

	.  reduce 69


state 216
	for_stmt : FOR L_PARENTHESE $$10 for_cond $$11 . for_cond $$12 for_last_cond $$13 compound_stmt  (68)

	NUM  shift 28
	FLOAT  shift 29
	CHAR  shift 30
	STRING  shift 31
	ID  shift 32
	UKADD  shift 33
	CMPEQ  shift 34
	UCMPLT  shift 35
	UKSUB  shift 36
	SEMICOLON  shift 206
	L_PARENTHESE  shift 37
	AND_OP  shift 38
	PLUS  shift 39
	MINUS  shift 40
	MUL  shift 41
	INCREMENT  shift 42
	DECREMENT  shift 43
	NOT  shift 44
	NOT_OP  shift 45
	.  error

	assign_expr  goto 207
	for_cond  goto 222
	equal_expr  goto 47
	comp_expr  goto 48
	add_sub_expr  goto 49
	mul_div_rem_expr  goto 50
	pre_expr  goto 51
	post_expr  goto 52
	end_expr  goto 53


state 217
	digitalwrite_stmt : DIGITALWRITE L_PARENTHESE assign_expr COMMA assign_expr . R_PARENTHESE SEMICOLON  (49)

	R_PARENTHESE  shift 223
	.  error


state 218
	delay_stmt : DELAY L_PARENTHESE assign_expr R_PARENTHESE SEMICOLON .  (50)

	.  reduce 50


state 219
	if_stmt : IF L_PARENTHESE $$3 assign_expr R_PARENTHESE $$4 . compound_stmt  (54)

	L_BRACE  shift 123
	.  error

	compound_stmt  goto 224


state 220
	while_stmt : WHILE L_PARENTHESE $$6 assign_expr $$7 R_PARENTHESE . compound_stmt  (60)

	L_BRACE  shift 123
	.  error

	compound_stmt  goto 225


state 221
	while_stmt : DO $$8 compound_stmt WHILE L_PARENTHESE $$9 . assign_expr R_PARENTHESE SEMICOLON  (63)

	NUM  shift 28
	FLOAT  shift 29
	CHAR  shift 30
	STRING  shift 31
	ID  shift 32
	UKADD  shift 33
	CMPEQ  shift 34
	UCMPLT  shift 35
	UKSUB  shift 36
	L_PARENTHESE  shift 37
	AND_OP  shift 38
	PLUS  shift 39
	MINUS  shift 40
	MUL  shift 41
	INCREMENT  shift 42
	DECREMENT  shift 43
	NOT  shift 44
	NOT_OP  shift 45
	.  error

	assign_expr  goto 226
	equal_expr  goto 47
	comp_expr  goto 48
	add_sub_expr  goto 49
	mul_div_rem_expr  goto 50
	pre_expr  goto 51
	post_expr  goto 52
	end_expr  goto 53


state 222
	for_stmt : FOR L_PARENTHESE $$10 for_cond $$11 for_cond . $$12 for_last_cond $$13 compound_stmt  (68)
	$$12 : .  (66)

	.  reduce 66

	$$12  goto 227


state 223
	digitalwrite_stmt : DIGITALWRITE L_PARENTHESE assign_expr COMMA assign_expr R_PARENTHESE . SEMICOLON  (49)

	SEMICOLON  shift 228
	.  error


state 224
	if_stmt : IF L_PARENTHESE $$3 assign_expr R_PARENTHESE $$4 compound_stmt .  (54)

	.  reduce 54


state 225
	while_stmt : WHILE L_PARENTHESE $$6 assign_expr $$7 R_PARENTHESE compound_stmt .  (60)

	.  reduce 60


state 226
	while_stmt : DO $$8 compound_stmt WHILE L_PARENTHESE $$9 assign_expr . R_PARENTHESE SEMICOLON  (63)

	R_PARENTHESE  shift 229
	.  error


state 227
	for_stmt : FOR L_PARENTHESE $$10 for_cond $$11 for_cond $$12 . for_last_cond $$13 compound_stmt  (68)

	NUM  shift 28
	FLOAT  shift 29
	CHAR  shift 30
	STRING  shift 31
	ID  shift 32
	UKADD  shift 33
	CMPEQ  shift 34
	UCMPLT  shift 35
	UKSUB  shift 36
	R_PARENTHESE  shift 230
	L_PARENTHESE  shift 37
	AND_OP  shift 38
	PLUS  shift 39
	MINUS  shift 40
	MUL  shift 41
	INCREMENT  shift 42
	DECREMENT  shift 43
	NOT  shift 44
	NOT_OP  shift 45
	.  error

	assign_expr  goto 231
	for_last_cond  goto 232
	equal_expr  goto 47
	comp_expr  goto 48
	add_sub_expr  goto 49
	mul_div_rem_expr  goto 50
	pre_expr  goto 51
	post_expr  goto 52
	end_expr  goto 53


state 228
	digitalwrite_stmt : DIGITALWRITE L_PARENTHESE assign_expr COMMA assign_expr R_PARENTHESE SEMICOLON .  (49)

	.  reduce 49


state 229
	while_stmt : DO $$8 compound_stmt WHILE L_PARENTHESE $$9 assign_expr R_PARENTHESE . SEMICOLON  (63)

	SEMICOLON  shift 233
	.  error


state 230
	for_last_cond : R_PARENTHESE .  (72)

	.  reduce 72


state 231
	for_last_cond : assign_expr . R_PARENTHESE  (71)

	R_PARENTHESE  shift 234
	.  error


state 232
	for_stmt : FOR L_PARENTHESE $$10 for_cond $$11 for_cond $$12 for_last_cond . $$13 compound_stmt  (68)
	$$13 : .  (67)

	.  reduce 67

	$$13  goto 235


state 233
	while_stmt : DO $$8 compound_stmt WHILE L_PARENTHESE $$9 assign_expr R_PARENTHESE SEMICOLON .  (63)

	.  reduce 63


state 234
	for_last_cond : assign_expr R_PARENTHESE .  (71)

	.  reduce 71


state 235
	for_stmt : FOR L_PARENTHESE $$10 for_cond $$11 for_cond $$12 for_last_cond $$13 . compound_stmt  (68)

	L_BRACE  shift 123
	.  error

	compound_stmt  goto 236


state 236
	for_stmt : FOR L_PARENTHESE $$10 for_cond $$11 for_cond $$12 for_last_cond $$13 compound_stmt .  (68)

	.  reduce 68


51 terminals, 53 nonterminals
118 grammar rules, 237 states
